#
# A fatal error has been detected by the Java Runtime Environment:
#
#  EXCEPTION_ACCESS_VIOLATION (0xc0000005) at pc=0x0000000180005b00, pid=29928, tid=27488
#
# JRE version: Java(TM) SE Runtime Environment (10.0.2+13) (build 10.0.2+13)
# Java VM: Java HotSpot(TM) 64-Bit Server VM (10.0.2+13, mixed mode, tiered, compressed oops, g1 gc, windows-amd64)
# Problematic frame:
# C  [rxtxSerial.dll+0x5b00]
#
# No core dump will be written. Minidumps are not enabled by default on client versions of Windows
#
# If you would like to submit a bug report, please visit:
#   http://bugreport.java.com/bugreport/crash.jsp
# The crash happened outside the Java Virtual Machine in native code.
# See problematic frame for where to report the bug.
#

---------------  S U M M A R Y ------------

Command Line: -Dfile.encoding=Cp1252 MainWindow

Host: Intel(R) Core(TM) i7-6500U CPU @ 2.50GHz, 4 cores, 11G,  Windows 10 , 64 bit Build 17134 (10.0.17134.1)
Time: Sun Jan 20 00:06:14 2019 Pacific Standard Time elapsed time: 4 seconds (0d 0h 0m 4s)

---------------  T H R E A D  ---------------

Current thread (0x000001d6b2f90800):  JavaThread "Thread-0" [_thread_in_native, id=27488, stack(0x000000092b600000,0x000000092b700000)]

Stack: [0x000000092b600000,0x000000092b700000],  sp=0x000000092b6fe5d0,  free space=1017k
Native frames: (J=compiled Java code, j=interpreted, Vv=VM code, C=native code)
C  [rxtxSerial.dll+0x5b00]

Java frames: (J=compiled Java code, j=interpreted, Vv=VM code)
j  gnu.io.RXTXPort.readByte()I+0
j  gnu.io.RXTXPort$SerialInputStream.read()I+81
j  SerialReader.serialEvent(Lgnu/io/SerialPortEvent;)V+26
j  gnu.io.RXTXPort.sendEvent(IZ)Z+382
v  ~StubRoutines::call_stub
j  gnu.io.RXTXPort.eventLoop()V+0
j  gnu.io.RXTXPort$MonitorThread.run()V+12
v  ~StubRoutines::call_stub

siginfo: EXCEPTION_ACCESS_VIOLATION (0xc0000005), reading address 0x000000002b6fef28


Register to memory mapping:

RIP=0x0000000180005b00 rxtxSerial.dll
RAX=0x0000000000000001 is an unknown value
RBX=0x0000000000000000 is an unknown value
RCX=0x000000018001d4d5 rxtxSerial.dll
RDX=0xfffffffffffff665 is an unknown value
RSP=0x000000092b6fe5d0 is pointing into the stack for thread: 0x000001d6b2f90800
RBP=0x00000000ffffffff is an unknown value
RSI=0x0000000000000000 is an unknown value
RDI=0x000001d6b2f90a70 is an unknown value
R8 =0x0000000000000002 is an unknown value
R9 =0xfffffffffffff63c is an unknown value
R10=0x000000000000009c is an unknown value
R11=0x8101010101010100 is an unknown value
R12=0x000000002b6fef20 is an unknown value
R13=0x0000000000000001 is an unknown value
R14=0x000000092b6fe770 is pointing into the stack for thread: 0x000001d6b2f90800
R15=0x0000000000000000 is an unknown value


Registers:
RAX=0x0000000000000001, RBX=0x0000000000000000, RCX=0x000000018001d4d5, RDX=0xfffffffffffff665
RSP=0x000000092b6fe5d0, RBP=0x00000000ffffffff, RSI=0x0000000000000000, RDI=0x000001d6b2f90a70
R8 =0x0000000000000002, R9 =0xfffffffffffff63c, R10=0x000000000000009c, R11=0x8101010101010100
R12=0x000000002b6fef20, R13=0x0000000000000001, R14=0x000000092b6fe770, R15=0x0000000000000000
RIP=0x0000000180005b00, EFLAGS=0x0000000000010202

Top of Stack: (sp=0x000000092b6fe5d0)
0x000000092b6fe5d0:   0000000000000000 0000000000000000
0x000000092b6fe5e0:   000000092b6fe770 0000000000000000
0x000000092b6fe5f0:   000001d6b2f90800 000000092b6fe770
0x000000092b6fe600:   000001d6b2d90310 000000092b6fe770
0x000000092b6fe610:   ffffffffffffffff 0000000000000001
0x000000092b6fe620:   000001d6b31896f0 0000000180005f3f
0x000000092b6fe630:   000001d6b2f90a70 000001d6b2f90a70
0x000000092b6fe640:   000001d600000001 000000092b6fe660
0x000000092b6fe650:   000001d600000001 000001d6ffffffff
0x000000092b6fe660:   000000092b6feba8 000000092b6fe770
0x000000092b6fe670:   000001d6b2f90800 0000000063144787
0x000000092b6fe680:   000001d6b2f90800 0000000000000000
0x000000092b6fe690:   000001d6b2d90318 000001d6b2f90800
0x000000092b6fe6a0:   0000000000000148 000001d69857f160
0x000000092b6fe6b0:   0000b0b261958e2a 000001d6b2d90318
0x000000092b6fe6c0:   0000000000000000 0000000000000148 

Instructions: (pc=0x0000000180005b00)
0x0000000180005ae0:   15 23 7a 01 00 48 8d 48 60 e8 3a 5d 00 00 4c 8b
0x0000000180005af0:   e5 8b ac 24 88 00 00 00 44 8b ac 24 80 00 00 00
0x0000000180005b00:   45 8b 74 24 08 41 89 5c 24 08 41 8b fd 85 ed 78
0x0000000180005b10:   09 ff 15 e9 14 01 00 44 8b f8 45 85 ed 7e 4a 90 



---------------  P R O C E S S  ---------------

Threads class SMR info:
_java_thread_list=0x000001d6b1b876d0, length=16, elements={
0x000001d6b1421800, 0x000001d6b1436800, 0x000001d6b1442000, 0x000001d6b1444000,
0x000001d6b1447000, 0x000001d6b145d000, 0x000001d6b1496000, 0x000001d6b14e1800,
0x000001d6b161a800, 0x000001d6b1621000, 0x000001d6b1b46000, 0x000001d6b1d97800,
0x000001d6b1b37000, 0x000001d6b1e49800, 0x000001d690dc6800, 0x000001d6b2f90800
}

Java Threads: ( => current thread )
  0x000001d6b1421800 JavaThread "Reference Handler" daemon [_thread_blocked, id=30704, stack(0x000000092a600000,0x000000092a700000)]
  0x000001d6b1436800 JavaThread "Finalizer" daemon [_thread_blocked, id=116, stack(0x000000092a700000,0x000000092a800000)]
  0x000001d6b1442000 JavaThread "Signal Dispatcher" daemon [_thread_blocked, id=14508, stack(0x000000092a800000,0x000000092a900000)]
  0x000001d6b1444000 JavaThread "Attach Listener" daemon [_thread_blocked, id=28488, stack(0x000000092a900000,0x000000092aa00000)]
  0x000001d6b1447000 JavaThread "C2 CompilerThread0" daemon [_thread_blocked, id=28356, stack(0x000000092aa00000,0x000000092ab00000)]
  0x000001d6b145d000 JavaThread "C2 CompilerThread1" daemon [_thread_blocked, id=31188, stack(0x000000092ab00000,0x000000092ac00000)]
  0x000001d6b1496000 JavaThread "C1 CompilerThread2" daemon [_thread_blocked, id=30632, stack(0x000000092ac00000,0x000000092ad00000)]
  0x000001d6b14e1800 JavaThread "Sweeper thread" daemon [_thread_blocked, id=9312, stack(0x000000092ad00000,0x000000092ae00000)]
  0x000001d6b161a800 JavaThread "Service Thread" daemon [_thread_blocked, id=30744, stack(0x000000092ae00000,0x000000092af00000)]
  0x000001d6b1621000 JavaThread "Common-Cleaner" daemon [_thread_blocked, id=27856, stack(0x000000092af00000,0x000000092b000000)]
  0x000001d6b1b46000 JavaThread "Java2D Disposer" daemon [_thread_blocked, id=30684, stack(0x000000092b100000,0x000000092b200000)]
  0x000001d6b1d97800 JavaThread "AWT-Shutdown" [_thread_blocked, id=30244, stack(0x000000092b200000,0x000000092b300000)]
  0x000001d6b1b37000 JavaThread "AWT-Windows" daemon [_thread_in_native, id=31092, stack(0x000000092b300000,0x000000092b400000)]
  0x000001d6b1e49800 JavaThread "AWT-EventQueue-0" [_thread_blocked, id=24408, stack(0x000000092b400000,0x000000092b500000)]
  0x000001d690dc6800 JavaThread "DestroyJavaVM" [_thread_blocked, id=28432, stack(0x0000000929900000,0x0000000929a00000)]
=>0x000001d6b2f90800 JavaThread "Thread-0" [_thread_in_native, id=27488, stack(0x000000092b600000,0x000000092b700000)]

Other Threads:
  0x000001d6b0bfb000 VMThread "VM Thread" [stack: 0x000000092a500000,0x000000092a600000] [id=19772]
  0x000001d6b1621800 WatcherThread [stack: 0x000000092b000000,0x000000092b100000] [id=2488]
  0x000001d690ddc000 GCTaskThread "GC Thread#0" [stack: 0x0000000929a00000,0x0000000929b00000] [id=15004]
  0x000001d690ddd800 GCTaskThread "GC Thread#1" [stack: 0x0000000929b00000,0x0000000929c00000] [id=30920]
  0x000001d690de0000 GCTaskThread "GC Thread#2" [stack: 0x0000000929c00000,0x0000000929d00000] [id=30408]
  0x000001d690de3000 GCTaskThread "GC Thread#3" [stack: 0x0000000929d00000,0x0000000929e00000] [id=31124]
  0x000001d690e87000 ConcurrentGCThread "G1 Main Marker" [stack: 0x0000000929e00000,0x0000000929f00000] [id=30512]
  0x000001d690e92800 ConcurrentGCThread "G1 Conc#0" [stack: 0x0000000929f00000,0x000000092a000000] [id=31424]
  0x000001d6b0aae800 ConcurrentGCThread "G1 Refine#0" [stack: 0x000000092a000000,0x000000092a100000] [id=21780]
  0x000001d6b0aaf800 ConcurrentGCThread "G1 Refine#1" [stack: 0x000000092a100000,0x000000092a200000] [id=20084]
  0x000001d6b0ab0800 ConcurrentGCThread "G1 Refine#2" [stack: 0x000000092a200000,0x000000092a300000] [id=12192]
  0x000001d6b0ab1800 ConcurrentGCThread "G1 Refine#3" [stack: 0x000000092a300000,0x000000092a400000] [id=21940]
  0x000001d6b0ab6000 ConcurrentGCThread "G1 Young RemSet Sampling" [stack: 0x000000092a400000,0x000000092a500000] [id=10108]

Threads with active compile tasks:

VM state:not at safepoint (normal execution)

VM Mutex/Monitor currently owned by a thread: None

Heap address: 0x0000000701400000, size: 3052 MB, Compressed Oops mode: Zero based, Oop shift amount: 3
Narrow klass base: 0x0000000000000000, Narrow klass shift: 3
Compressed class space size: 1073741824 Address: 0x00000007c0000000

Heap:
 garbage-first heap   total 196608K, used 15360K [0x0000000701400000, 0x00000007c0000000)
  region size 1024K, 12 young (12288K), 0 survivors (0K)
 Metaspace       used 14601K, capacity 15013K, committed 15360K, reserved 1062912K
  class space    used 1757K, capacity 1957K, committed 2048K, reserved 1048576K
Heap Regions: E=young(eden), S=young(survivor), O=old, HS=humongous(starts), HC=humongous(continues), CS=collection set, F=free, A=archive, TS=gc time stamp, AC=allocation context, TAMS=top-at-mark-start (previous, next)
|   0|0x0000000701400000, 0x0000000701500000, 0x0000000701500000|100%|HS|  |TS  0|AC  0|TAMS 0x0000000701400000, 0x0000000701400000|
|   1|0x0000000701500000, 0x0000000701600000, 0x0000000701600000|100%|HC|  |TS  0|AC  0|TAMS 0x0000000701500000, 0x0000000701500000|
|   2|0x0000000701600000, 0x0000000701700000, 0x0000000701700000|100%|HS|  |TS  0|AC  0|TAMS 0x0000000701600000, 0x0000000701600000|
|   3|0x0000000701700000, 0x0000000701800000, 0x0000000701800000|100%|HC|  |TS  0|AC  0|TAMS 0x0000000701700000, 0x0000000701700000|
|   4|0x0000000701800000, 0x0000000701800000, 0x0000000701900000|  0%| F|  |TS  0|AC  0|TAMS 0x0000000701800000, 0x0000000701800000|
|   5|0x0000000701900000, 0x0000000701900000, 0x0000000701a00000|  0%| F|  |TS  0|AC  0|TAMS 0x0000000701900000, 0x0000000701900000|
|   6|0x0000000701a00000, 0x0000000701a00000, 0x0000000701b00000|  0%| F|  |TS  0|AC  0|TAMS 0x0000000701a00000, 0x0000000701a00000|
|   7|0x0000000701b00000, 0x0000000701b00000, 0x0000000701c00000|  0%| F|  |TS  0|AC  0|TAMS 0x0000000701b00000, 0x0000000701b00000|
|   8|0x0000000701c00000, 0x0000000701c00000, 0x0000000701d00000|  0%| F|  |TS  0|AC  0|TAMS 0x0000000701c00000, 0x0000000701c00000|
|   9|0x0000000701d00000, 0x0000000701d00000, 0x0000000701e00000|  0%| F|  |TS  0|AC  0|TAMS 0x0000000701d00000, 0x0000000701d00000|
|  10|0x0000000701e00000, 0x0000000701e00000, 0x0000000701f00000|  0%| F|  |TS  0|AC  0|TAMS 0x0000000701e00000, 0x0000000701e00000|
|  11|0x0000000701f00000, 0x0000000701f00000, 0x0000000702000000|  0%| F|  |TS  0|AC  0|TAMS 0x0000000701f00000, 0x0000000701f00000|
|  12|0x0000000702000000, 0x0000000702000000, 0x0000000702100000|  0%| F|  |TS  0|AC  0|TAMS 0x0000000702000000, 0x0000000702000000|
|  13|0x0000000702100000, 0x0000000702100000, 0x0000000702200000|  0%| F|  |TS  0|AC  0|TAMS 0x0000000702100000, 0x0000000702100000|
|  14|0x0000000702200000, 0x0000000702200000, 0x0000000702300000|  0%| F|  |TS  0|AC  0|TAMS 0x0000000702200000, 0x0000000702200000|
|  15|0x0000000702300000, 0x0000000702300000, 0x0000000702400000|  0%| F|  |TS  0|AC  0|TAMS 0x0000000702300000, 0x0000000702300000|
|  16|0x0000000702400000, 0x0000000702400000, 0x0000000702500000|  0%| F|  |TS  0|AC  0|TAMS 0x0000000702400000, 0x0000000702400000|
|  17|0x0000000702500000, 0x0000000702500000, 0x0000000702600000|  0%| F|  |TS  0|AC  0|TAMS 0x0000000702500000, 0x0000000702500000|
|  18|0x0000000702600000, 0x0000000702600000, 0x0000000702700000|  0%| F|  |TS  0|AC  0|TAMS 0x0000000702600000, 0x0000000702600000|
|  19|0x0000000702700000, 0x0000000702700000, 0x0000000702800000|  0%| F|  |TS  0|AC  0|TAMS 0x0000000702700000, 0x0000000702700000|
|  20|0x0000000702800000, 0x0000000702800000, 0x0000000702900000|  0%| F|  |TS  0|AC  0|TAMS 0x0000000702800000, 0x0000000702800000|
|  21|0x0000000702900000, 0x0000000702900000, 0x0000000702a00000|  0%| F|  |TS  0|AC  0|TAMS 0x0000000702900000, 0x0000000702900000|
|  22|0x0000000702a00000, 0x0000000702a00000, 0x0000000702b00000|  0%| F|  |TS  0|AC  0|TAMS 0x0000000702a00000, 0x0000000702a00000|
|  23|0x0000000702b00000, 0x0000000702b00000, 0x0000000702c00000|  0%| F|  |TS  0|AC  0|TAMS 0x0000000702b00000, 0x0000000702b00000|
|  24|0x0000000702c00000, 0x0000000702c00000, 0x0000000702d00000|  0%| F|  |TS  0|AC  0|TAMS 0x0000000702c00000, 0x0000000702c00000|
|  25|0x0000000702d00000, 0x0000000702d00000, 0x0000000702e00000|  0%| F|  |TS  0|AC  0|TAMS 0x0000000702d00000, 0x0000000702d00000|
|  26|0x0000000702e00000, 0x0000000702e00000, 0x0000000702f00000|  0%| F|  |TS  0|AC  0|TAMS 0x0000000702e00000, 0x0000000702e00000|
|  27|0x0000000702f00000, 0x0000000702f00000, 0x0000000703000000|  0%| F|  |TS  0|AC  0|TAMS 0x0000000702f00000, 0x0000000702f00000|
|  28|0x0000000703000000, 0x0000000703000000, 0x0000000703100000|  0%| F|  |TS  0|AC  0|TAMS 0x0000000703000000, 0x0000000703000000|
|  29|0x0000000703100000, 0x0000000703100000, 0x0000000703200000|  0%| F|  |TS  0|AC  0|TAMS 0x0000000703100000, 0x0000000703100000|
|  30|0x0000000703200000, 0x0000000703200000, 0x0000000703300000|  0%| F|  |TS  0|AC  0|TAMS 0x0000000703200000, 0x0000000703200000|
|  31|0x0000000703300000, 0x0000000703300000, 0x0000000703400000|  0%| F|  |TS  0|AC  0|TAMS 0x0000000703300000, 0x0000000703300000|
|  32|0x0000000703400000, 0x0000000703400000, 0x0000000703500000|  0%| F|  |TS  0|AC  0|TAMS 0x0000000703400000, 0x0000000703400000|
|  33|0x0000000703500000, 0x0000000703500000, 0x0000000703600000|  0%| F|  |TS  0|AC  0|TAMS 0x0000000703500000, 0x0000000703500000|
|  34|0x0000000703600000, 0x0000000703600000, 0x0000000703700000|  0%| F|  |TS  0|AC  0|TAMS 0x0000000703600000, 0x0000000703600000|
|  35|0x0000000703700000, 0x0000000703700000, 0x0000000703800000|  0%| F|  |TS  0|AC  0|TAMS 0x0000000703700000, 0x0000000703700000|
|  36|0x0000000703800000, 0x0000000703800000, 0x0000000703900000|  0%| F|  |TS  0|AC  0|TAMS 0x0000000703800000, 0x0000000703800000|
|  37|0x0000000703900000, 0x0000000703900000, 0x0000000703a00000|  0%| F|  |TS  0|AC  0|TAMS 0x0000000703900000, 0x0000000703900000|
|  38|0x0000000703a00000, 0x0000000703a00000, 0x0000000703b00000|  0%| F|  |TS  0|AC  0|TAMS 0x0000000703a00000, 0x0000000703a00000|
|  39|0x0000000703b00000, 0x0000000703b00000, 0x0000000703c00000|  0%| F|  |TS  0|AC  0|TAMS 0x0000000703b00000, 0x0000000703b00000|
|  40|0x0000000703c00000, 0x0000000703c00000, 0x0000000703d00000|  0%| F|  |TS  0|AC  0|TAMS 0x0000000703c00000, 0x0000000703c00000|
|  41|0x0000000703d00000, 0x0000000703d00000, 0x0000000703e00000|  0%| F|  |TS  0|AC  0|TAMS 0x0000000703d00000, 0x0000000703d00000|
|  42|0x0000000703e00000, 0x0000000703e00000, 0x0000000703f00000|  0%| F|  |TS  0|AC  0|TAMS 0x0000000703e00000, 0x0000000703e00000|
|  43|0x0000000703f00000, 0x0000000703f00000, 0x0000000704000000|  0%| F|  |TS  0|AC  0|TAMS 0x0000000703f00000, 0x0000000703f00000|
|  44|0x0000000704000000, 0x0000000704000000, 0x0000000704100000|  0%| F|  |TS  0|AC  0|TAMS 0x0000000704000000, 0x0000000704000000|
|  45|0x0000000704100000, 0x0000000704100000, 0x0000000704200000|  0%| F|  |TS  0|AC  0|TAMS 0x0000000704100000, 0x0000000704100000|
|  46|0x0000000704200000, 0x0000000704200000, 0x0000000704300000|  0%| F|  |TS  0|AC  0|TAMS 0x0000000704200000, 0x0000000704200000|
|  47|0x0000000704300000, 0x0000000704300000, 0x0000000704400000|  0%| F|  |TS  0|AC  0|TAMS 0x0000000704300000, 0x0000000704300000|
|  48|0x0000000704400000, 0x0000000704400000, 0x0000000704500000|  0%| F|  |TS  0|AC  0|TAMS 0x0000000704400000, 0x0000000704400000|
|  49|0x0000000704500000, 0x0000000704500000, 0x0000000704600000|  0%| F|  |TS  0|AC  0|TAMS 0x0000000704500000, 0x0000000704500000|
|  50|0x0000000704600000, 0x0000000704600000, 0x0000000704700000|  0%| F|  |TS  0|AC  0|TAMS 0x0000000704600000, 0x0000000704600000|
|  51|0x0000000704700000, 0x0000000704700000, 0x0000000704800000|  0%| F|  |TS  0|AC  0|TAMS 0x0000000704700000, 0x0000000704700000|
|  52|0x0000000704800000, 0x0000000704800000, 0x0000000704900000|  0%| F|  |TS  0|AC  0|TAMS 0x0000000704800000, 0x0000000704800000|
|  53|0x0000000704900000, 0x0000000704900000, 0x0000000704a00000|  0%| F|  |TS  0|AC  0|TAMS 0x0000000704900000, 0x0000000704900000|
|  54|0x0000000704a00000, 0x0000000704a00000, 0x0000000704b00000|  0%| F|  |TS  0|AC  0|TAMS 0x0000000704a00000, 0x0000000704a00000|
|  55|0x0000000704b00000, 0x0000000704b00000, 0x0000000704c00000|  0%| F|  |TS  0|AC  0|TAMS 0x0000000704b00000, 0x0000000704b00000|
|  56|0x0000000704c00000, 0x0000000704c00000, 0x0000000704d00000|  0%| F|  |TS  0|AC  0|TAMS 0x0000000704c00000, 0x0000000704c00000|
|  57|0x0000000704d00000, 0x0000000704d00000, 0x0000000704e00000|  0%| F|  |TS  0|AC  0|TAMS 0x0000000704d00000, 0x0000000704d00000|
|  58|0x0000000704e00000, 0x0000000704e00000, 0x0000000704f00000|  0%| F|  |TS  0|AC  0|TAMS 0x0000000704e00000, 0x0000000704e00000|
|  59|0x0000000704f00000, 0x0000000704f00000, 0x0000000705000000|  0%| F|  |TS  0|AC  0|TAMS 0x0000000704f00000, 0x0000000704f00000|
|  60|0x0000000705000000, 0x0000000705000000, 0x0000000705100000|  0%| F|  |TS  0|AC  0|TAMS 0x0000000705000000, 0x0000000705000000|
|  61|0x0000000705100000, 0x0000000705100000, 0x0000000705200000|  0%| F|  |TS  0|AC  0|TAMS 0x0000000705100000, 0x0000000705100000|
|  62|0x0000000705200000, 0x0000000705200000, 0x0000000705300000|  0%| F|  |TS  0|AC  0|TAMS 0x0000000705200000, 0x0000000705200000|
|  63|0x0000000705300000, 0x0000000705300000, 0x0000000705400000|  0%| F|  |TS  0|AC  0|TAMS 0x0000000705300000, 0x0000000705300000|
|  64|0x0000000705400000, 0x0000000705400000, 0x0000000705500000|  0%| F|  |TS  0|AC  0|TAMS 0x0000000705400000, 0x0000000705400000|
|  65|0x0000000705500000, 0x0000000705500000, 0x0000000705600000|  0%| F|  |TS  0|AC  0|TAMS 0x0000000705500000, 0x0000000705500000|
|  66|0x0000000705600000, 0x0000000705600000, 0x0000000705700000|  0%| F|  |TS  0|AC  0|TAMS 0x0000000705600000, 0x0000000705600000|
|  67|0x0000000705700000, 0x0000000705700000, 0x0000000705800000|  0%| F|  |TS  0|AC  0|TAMS 0x0000000705700000, 0x0000000705700000|
|  68|0x0000000705800000, 0x0000000705800000, 0x0000000705900000|  0%| F|  |TS  0|AC  0|TAMS 0x0000000705800000, 0x0000000705800000|
|  69|0x0000000705900000, 0x0000000705900000, 0x0000000705a00000|  0%| F|  |TS  0|AC  0|TAMS 0x0000000705900000, 0x0000000705900000|
|  70|0x0000000705a00000, 0x0000000705a00000, 0x0000000705b00000|  0%| F|  |TS  0|AC  0|TAMS 0x0000000705a00000, 0x0000000705a00000|
|  71|0x0000000705b00000, 0x0000000705b00000, 0x0000000705c00000|  0%| F|  |TS  0|AC  0|TAMS 0x0000000705b00000, 0x0000000705b00000|
|  72|0x0000000705c00000, 0x0000000705c00000, 0x0000000705d00000|  0%| F|  |TS  0|AC  0|TAMS 0x0000000705c00000, 0x0000000705c00000|
|  73|0x0000000705d00000, 0x0000000705d00000, 0x0000000705e00000|  0%| F|  |TS  0|AC  0|TAMS 0x0000000705d00000, 0x0000000705d00000|
|  74|0x0000000705e00000, 0x0000000705e00000, 0x0000000705f00000|  0%| F|  |TS  0|AC  0|TAMS 0x0000000705e00000, 0x0000000705e00000|
|  75|0x0000000705f00000, 0x0000000705f00000, 0x0000000706000000|  0%| F|  |TS  0|AC  0|TAMS 0x0000000705f00000, 0x0000000705f00000|
|  76|0x0000000706000000, 0x0000000706000000, 0x0000000706100000|  0%| F|  |TS  0|AC  0|TAMS 0x0000000706000000, 0x0000000706000000|
|  77|0x0000000706100000, 0x0000000706100000, 0x0000000706200000|  0%| F|  |TS  0|AC  0|TAMS 0x0000000706100000, 0x0000000706100000|
|  78|0x0000000706200000, 0x0000000706200000, 0x0000000706300000|  0%| F|  |TS  0|AC  0|TAMS 0x0000000706200000, 0x0000000706200000|
|  79|0x0000000706300000, 0x0000000706300000, 0x0000000706400000|  0%| F|  |TS  0|AC  0|TAMS 0x0000000706300000, 0x0000000706300000|
|  80|0x0000000706400000, 0x0000000706400000, 0x0000000706500000|  0%| F|  |TS  0|AC  0|TAMS 0x0000000706400000, 0x0000000706400000|
|  81|0x0000000706500000, 0x0000000706500000, 0x0000000706600000|  0%| F|  |TS  0|AC  0|TAMS 0x0000000706500000, 0x0000000706500000|
|  82|0x0000000706600000, 0x0000000706600000, 0x0000000706700000|  0%| F|  |TS  0|AC  0|TAMS 0x0000000706600000, 0x0000000706600000|
|  83|0x0000000706700000, 0x0000000706700000, 0x0000000706800000|  0%| F|  |TS  0|AC  0|TAMS 0x0000000706700000, 0x0000000706700000|
|  84|0x0000000706800000, 0x0000000706800000, 0x0000000706900000|  0%| F|  |TS  0|AC  0|TAMS 0x0000000706800000, 0x0000000706800000|
|  85|0x0000000706900000, 0x0000000706900000, 0x0000000706a00000|  0%| F|  |TS  0|AC  0|TAMS 0x0000000706900000, 0x0000000706900000|
|  86|0x0000000706a00000, 0x0000000706a00000, 0x0000000706b00000|  0%| F|  |TS  0|AC  0|TAMS 0x0000000706a00000, 0x0000000706a00000|
|  87|0x0000000706b00000, 0x0000000706b00000, 0x0000000706c00000|  0%| F|  |TS  0|AC  0|TAMS 0x0000000706b00000, 0x0000000706b00000|
|  88|0x0000000706c00000, 0x0000000706c00000, 0x0000000706d00000|  0%| F|  |TS  0|AC  0|TAMS 0x0000000706c00000, 0x0000000706c00000|
|  89|0x0000000706d00000, 0x0000000706d00000, 0x0000000706e00000|  0%| F|  |TS  0|AC  0|TAMS 0x0000000706d00000, 0x0000000706d00000|
|  90|0x0000000706e00000, 0x0000000706e00000, 0x0000000706f00000|  0%| F|  |TS  0|AC  0|TAMS 0x0000000706e00000, 0x0000000706e00000|
|  91|0x0000000706f00000, 0x0000000706f00000, 0x0000000707000000|  0%| F|  |TS  0|AC  0|TAMS 0x0000000706f00000, 0x0000000706f00000|
|  92|0x0000000707000000, 0x0000000707000000, 0x0000000707100000|  0%| F|  |TS  0|AC  0|TAMS 0x0000000707000000, 0x0000000707000000|
|  93|0x0000000707100000, 0x0000000707100000, 0x0000000707200000|  0%| F|  |TS  0|AC  0|TAMS 0x0000000707100000, 0x0000000707100000|
|  94|0x0000000707200000, 0x0000000707200000, 0x0000000707300000|  0%| F|  |TS  0|AC  0|TAMS 0x0000000707200000, 0x0000000707200000|
|  95|0x0000000707300000, 0x0000000707300000, 0x0000000707400000|  0%| F|  |TS  0|AC  0|TAMS 0x0000000707300000, 0x0000000707300000|
|  96|0x0000000707400000, 0x0000000707400000, 0x0000000707500000|  0%| F|  |TS  0|AC  0|TAMS 0x0000000707400000, 0x0000000707400000|
|  97|0x0000000707500000, 0x0000000707500000, 0x0000000707600000|  0%| F|  |TS  0|AC  0|TAMS 0x0000000707500000, 0x0000000707500000|
|  98|0x0000000707600000, 0x0000000707600000, 0x0000000707700000|  0%| F|  |TS  0|AC  0|TAMS 0x0000000707600000, 0x0000000707600000|
|  99|0x0000000707700000, 0x0000000707700000, 0x0000000707800000|  0%| F|  |TS  0|AC  0|TAMS 0x0000000707700000, 0x0000000707700000|
| 100|0x0000000707800000, 0x0000000707800000, 0x0000000707900000|  0%| F|  |TS  0|AC  0|TAMS 0x0000000707800000, 0x0000000707800000|
| 101|0x0000000707900000, 0x0000000707900000, 0x0000000707a00000|  0%| F|  |TS  0|AC  0|TAMS 0x0000000707900000, 0x0000000707900000|
| 102|0x0000000707a00000, 0x0000000707a00000, 0x0000000707b00000|  0%| F|  |TS  0|AC  0|TAMS 0x0000000707a00000, 0x0000000707a00000|
| 103|0x0000000707b00000, 0x0000000707b00000, 0x0000000707c00000|  0%| F|  |TS  0|AC  0|TAMS 0x0000000707b00000, 0x0000000707b00000|
| 104|0x0000000707c00000, 0x0000000707c00000, 0x0000000707d00000|  0%| F|  |TS  0|AC  0|TAMS 0x0000000707c00000, 0x0000000707c00000|
| 105|0x0000000707d00000, 0x0000000707d00000, 0x0000000707e00000|  0%| F|  |TS  0|AC  0|TAMS 0x0000000707d00000, 0x0000000707d00000|
| 106|0x0000000707e00000, 0x0000000707e00000, 0x0000000707f00000|  0%| F|  |TS  0|AC  0|TAMS 0x0000000707e00000, 0x0000000707e00000|
| 107|0x0000000707f00000, 0x0000000707f00000, 0x0000000708000000|  0%| F|  |TS  0|AC  0|TAMS 0x0000000707f00000, 0x0000000707f00000|
| 108|0x0000000708000000, 0x0000000708000000, 0x0000000708100000|  0%| F|  |TS  0|AC  0|TAMS 0x0000000708000000, 0x0000000708000000|
| 109|0x0000000708100000, 0x0000000708100000, 0x0000000708200000|  0%| F|  |TS  0|AC  0|TAMS 0x0000000708100000, 0x0000000708100000|
| 110|0x0000000708200000, 0x0000000708200000, 0x0000000708300000|  0%| F|  |TS  0|AC  0|TAMS 0x0000000708200000, 0x0000000708200000|
| 111|0x0000000708300000, 0x0000000708300000, 0x0000000708400000|  0%| F|  |TS  0|AC  0|TAMS 0x0000000708300000, 0x0000000708300000|
| 112|0x0000000708400000, 0x0000000708400000, 0x0000000708500000|  0%| F|  |TS  0|AC  0|TAMS 0x0000000708400000, 0x0000000708400000|
| 113|0x0000000708500000, 0x0000000708500000, 0x0000000708600000|  0%| F|  |TS  0|AC  0|TAMS 0x0000000708500000, 0x0000000708500000|
| 114|0x0000000708600000, 0x0000000708600000, 0x0000000708700000|  0%| F|  |TS  0|AC  0|TAMS 0x0000000708600000, 0x0000000708600000|
| 115|0x0000000708700000, 0x0000000708700000, 0x0000000708800000|  0%| F|  |TS  0|AC  0|TAMS 0x0000000708700000, 0x0000000708700000|
| 116|0x0000000708800000, 0x0000000708800000, 0x0000000708900000|  0%| F|  |TS  0|AC  0|TAMS 0x0000000708800000, 0x0000000708800000|
| 117|0x0000000708900000, 0x0000000708900000, 0x0000000708a00000|  0%| F|  |TS  0|AC  0|TAMS 0x0000000708900000, 0x0000000708900000|
| 118|0x0000000708a00000, 0x0000000708a00000, 0x0000000708b00000|  0%| F|  |TS  0|AC  0|TAMS 0x0000000708a00000, 0x0000000708a00000|
| 119|0x0000000708b00000, 0x0000000708b00000, 0x0000000708c00000|  0%| F|  |TS  0|AC  0|TAMS 0x0000000708b00000, 0x0000000708b00000|
| 120|0x0000000708c00000, 0x0000000708c00000, 0x0000000708d00000|  0%| F|  |TS  0|AC  0|TAMS 0x0000000708c00000, 0x0000000708c00000|
| 121|0x0000000708d00000, 0x0000000708d00000, 0x0000000708e00000|  0%| F|  |TS  0|AC  0|TAMS 0x0000000708d00000, 0x0000000708d00000|
| 122|0x0000000708e00000, 0x0000000708e00000, 0x0000000708f00000|  0%| F|  |TS  0|AC  0|TAMS 0x0000000708e00000, 0x0000000708e00000|
| 123|0x0000000708f00000, 0x0000000708f00000, 0x0000000709000000|  0%| F|  |TS  0|AC  0|TAMS 0x0000000708f00000, 0x0000000708f00000|
| 124|0x0000000709000000, 0x0000000709000000, 0x0000000709100000|  0%| F|  |TS  0|AC  0|TAMS 0x0000000709000000, 0x0000000709000000|
| 125|0x0000000709100000, 0x0000000709100000, 0x0000000709200000|  0%| F|  |TS  0|AC  0|TAMS 0x0000000709100000, 0x0000000709100000|
| 126|0x0000000709200000, 0x0000000709200000, 0x0000000709300000|  0%| F|  |TS  0|AC  0|TAMS 0x0000000709200000, 0x0000000709200000|
| 127|0x0000000709300000, 0x0000000709300000, 0x0000000709400000|  0%| F|  |TS  0|AC  0|TAMS 0x0000000709300000, 0x0000000709300000|
| 128|0x0000000709400000, 0x0000000709400000, 0x0000000709500000|  0%| F|  |TS  0|AC  0|TAMS 0x0000000709400000, 0x0000000709400000|
| 129|0x0000000709500000, 0x0000000709500000, 0x0000000709600000|  0%| F|  |TS  0|AC  0|TAMS 0x0000000709500000, 0x0000000709500000|
| 130|0x0000000709600000, 0x0000000709600000, 0x0000000709700000|  0%| F|  |TS  0|AC  0|TAMS 0x0000000709600000, 0x0000000709600000|
| 131|0x0000000709700000, 0x0000000709700000, 0x0000000709800000|  0%| F|  |TS  0|AC  0|TAMS 0x0000000709700000, 0x0000000709700000|
| 132|0x0000000709800000, 0x0000000709800000, 0x0000000709900000|  0%| F|  |TS  0|AC  0|TAMS 0x0000000709800000, 0x0000000709800000|
| 133|0x0000000709900000, 0x0000000709900000, 0x0000000709a00000|  0%| F|  |TS  0|AC  0|TAMS 0x0000000709900000, 0x0000000709900000|
| 134|0x0000000709a00000, 0x0000000709a00000, 0x0000000709b00000|  0%| F|  |TS  0|AC  0|TAMS 0x0000000709a00000, 0x0000000709a00000|
| 135|0x0000000709b00000, 0x0000000709b00000, 0x0000000709c00000|  0%| F|  |TS  0|AC  0|TAMS 0x0000000709b00000, 0x0000000709b00000|
| 136|0x0000000709c00000, 0x0000000709c00000, 0x0000000709d00000|  0%| F|  |TS  0|AC  0|TAMS 0x0000000709c00000, 0x0000000709c00000|
| 137|0x0000000709d00000, 0x0000000709d00000, 0x0000000709e00000|  0%| F|  |TS  0|AC  0|TAMS 0x0000000709d00000, 0x0000000709d00000|
| 138|0x0000000709e00000, 0x0000000709e00000, 0x0000000709f00000|  0%| F|  |TS  0|AC  0|TAMS 0x0000000709e00000, 0x0000000709e00000|
| 139|0x0000000709f00000, 0x0000000709f00000, 0x000000070a000000|  0%| F|  |TS  0|AC  0|TAMS 0x0000000709f00000, 0x0000000709f00000|
| 140|0x000000070a000000, 0x000000070a000000, 0x000000070a100000|  0%| F|  |TS  0|AC  0|TAMS 0x000000070a000000, 0x000000070a000000|
| 141|0x000000070a100000, 0x000000070a100000, 0x000000070a200000|  0%| F|  |TS  0|AC  0|TAMS 0x000000070a100000, 0x000000070a100000|
| 142|0x000000070a200000, 0x000000070a200000, 0x000000070a300000|  0%| F|  |TS  0|AC  0|TAMS 0x000000070a200000, 0x000000070a200000|
| 143|0x000000070a300000, 0x000000070a300000, 0x000000070a400000|  0%| F|  |TS  0|AC  0|TAMS 0x000000070a300000, 0x000000070a300000|
| 144|0x000000070a400000, 0x000000070a400000, 0x000000070a500000|  0%| F|  |TS  0|AC  0|TAMS 0x000000070a400000, 0x000000070a400000|
| 145|0x000000070a500000, 0x000000070a500000, 0x000000070a600000|  0%| F|  |TS  0|AC  0|TAMS 0x000000070a500000, 0x000000070a500000|
| 146|0x000000070a600000, 0x000000070a600000, 0x000000070a700000|  0%| F|  |TS  0|AC  0|TAMS 0x000000070a600000, 0x000000070a600000|
| 147|0x000000070a700000, 0x000000070a700000, 0x000000070a800000|  0%| F|  |TS  0|AC  0|TAMS 0x000000070a700000, 0x000000070a700000|
| 148|0x000000070a800000, 0x000000070a800000, 0x000000070a900000|  0%| F|  |TS  0|AC  0|TAMS 0x000000070a800000, 0x000000070a800000|
| 149|0x000000070a900000, 0x000000070a900000, 0x000000070aa00000|  0%| F|  |TS  0|AC  0|TAMS 0x000000070a900000, 0x000000070a900000|
| 150|0x000000070aa00000, 0x000000070aa00000, 0x000000070ab00000|  0%| F|  |TS  0|AC  0|TAMS 0x000000070aa00000, 0x000000070aa00000|
| 151|0x000000070ab00000, 0x000000070ab00000, 0x000000070ac00000|  0%| F|  |TS  0|AC  0|TAMS 0x000000070ab00000, 0x000000070ab00000|
| 152|0x000000070ac00000, 0x000000070ac00000, 0x000000070ad00000|  0%| F|  |TS  0|AC  0|TAMS 0x000000070ac00000, 0x000000070ac00000|
| 153|0x000000070ad00000, 0x000000070ad00000, 0x000000070ae00000|  0%| F|  |TS  0|AC  0|TAMS 0x000000070ad00000, 0x000000070ad00000|
| 154|0x000000070ae00000, 0x000000070ae00000, 0x000000070af00000|  0%| F|  |TS  0|AC  0|TAMS 0x000000070ae00000, 0x000000070ae00000|
| 155|0x000000070af00000, 0x000000070af00000, 0x000000070b000000|  0%| F|  |TS  0|AC  0|TAMS 0x000000070af00000, 0x000000070af00000|
| 156|0x000000070b000000, 0x000000070b000000, 0x000000070b100000|  0%| F|  |TS  0|AC  0|TAMS 0x000000070b000000, 0x000000070b000000|
| 157|0x000000070b100000, 0x000000070b100000, 0x000000070b200000|  0%| F|  |TS  0|AC  0|TAMS 0x000000070b100000, 0x000000070b100000|
| 158|0x000000070b200000, 0x000000070b200000, 0x000000070b300000|  0%| F|  |TS  0|AC  0|TAMS 0x000000070b200000, 0x000000070b200000|
| 159|0x000000070b300000, 0x000000070b300000, 0x000000070b400000|  0%| F|  |TS  0|AC  0|TAMS 0x000000070b300000, 0x000000070b300000|
| 160|0x000000070b400000, 0x000000070b400000, 0x000000070b500000|  0%| F|  |TS  0|AC  0|TAMS 0x000000070b400000, 0x000000070b400000|
| 161|0x000000070b500000, 0x000000070b500000, 0x000000070b600000|  0%| F|  |TS  0|AC  0|TAMS 0x000000070b500000, 0x000000070b500000|
| 162|0x000000070b600000, 0x000000070b600000, 0x000000070b700000|  0%| F|  |TS  0|AC  0|TAMS 0x000000070b600000, 0x000000070b600000|
| 163|0x000000070b700000, 0x000000070b700000, 0x000000070b800000|  0%| F|  |TS  0|AC  0|TAMS 0x000000070b700000, 0x000000070b700000|
| 164|0x000000070b800000, 0x000000070b800000, 0x000000070b900000|  0%| F|  |TS  0|AC  0|TAMS 0x000000070b800000, 0x000000070b800000|
| 165|0x000000070b900000, 0x000000070b900000, 0x000000070ba00000|  0%| F|  |TS  0|AC  0|TAMS 0x000000070b900000, 0x000000070b900000|
| 166|0x000000070ba00000, 0x000000070ba00000, 0x000000070bb00000|  0%| F|  |TS  0|AC  0|TAMS 0x000000070ba00000, 0x000000070ba00000|
| 167|0x000000070bb00000, 0x000000070bb00000, 0x000000070bc00000|  0%| F|  |TS  0|AC  0|TAMS 0x000000070bb00000, 0x000000070bb00000|
| 168|0x000000070bc00000, 0x000000070bc00000, 0x000000070bd00000|  0%| F|  |TS  0|AC  0|TAMS 0x000000070bc00000, 0x000000070bc00000|
| 169|0x000000070bd00000, 0x000000070bd00000, 0x000000070be00000|  0%| F|  |TS  0|AC  0|TAMS 0x000000070bd00000, 0x000000070bd00000|
| 170|0x000000070be00000, 0x000000070be00000, 0x000000070bf00000|  0%| F|  |TS  0|AC  0|TAMS 0x000000070be00000, 0x000000070be00000|
| 171|0x000000070bf00000, 0x000000070bf00000, 0x000000070c000000|  0%| F|  |TS  0|AC  0|TAMS 0x000000070bf00000, 0x000000070bf00000|
| 172|0x000000070c000000, 0x000000070c000000, 0x000000070c100000|  0%| F|  |TS  0|AC  0|TAMS 0x000000070c000000, 0x000000070c000000|
| 173|0x000000070c100000, 0x000000070c100000, 0x000000070c200000|  0%| F|  |TS  0|AC  0|TAMS 0x000000070c100000, 0x000000070c100000|
| 174|0x000000070c200000, 0x000000070c200000, 0x000000070c300000|  0%| F|  |TS  0|AC  0|TAMS 0x000000070c200000, 0x000000070c200000|
| 175|0x000000070c300000, 0x000000070c300000, 0x000000070c400000|  0%| F|  |TS  0|AC  0|TAMS 0x000000070c300000, 0x000000070c300000|
| 176|0x000000070c400000, 0x000000070c400000, 0x000000070c500000|  0%| F|  |TS  0|AC  0|TAMS 0x000000070c400000, 0x000000070c400000|
| 177|0x000000070c500000, 0x000000070c500000, 0x000000070c600000|  0%| F|  |TS  0|AC  0|TAMS 0x000000070c500000, 0x000000070c500000|
| 178|0x000000070c600000, 0x000000070c600000, 0x000000070c700000|  0%| F|  |TS  0|AC  0|TAMS 0x000000070c600000, 0x000000070c600000|
| 179|0x000000070c700000, 0x000000070c700000, 0x000000070c800000|  0%| F|  |TS  0|AC  0|TAMS 0x000000070c700000, 0x000000070c700000|
| 180|0x000000070c800000, 0x000000070c8d7930, 0x000000070c900000| 84%| E|  |TS  0|AC  0|TAMS 0x000000070c800000, 0x000000070c800000|
| 181|0x000000070c900000, 0x000000070ca00000, 0x000000070ca00000|100%| E|CS|TS  0|AC  0|TAMS 0x000000070c900000, 0x000000070c900000|
| 182|0x000000070ca00000, 0x000000070cb00000, 0x000000070cb00000|100%| E|CS|TS  0|AC  0|TAMS 0x000000070ca00000, 0x000000070ca00000|
| 183|0x000000070cb00000, 0x000000070cc00000, 0x000000070cc00000|100%| E|CS|TS  0|AC  0|TAMS 0x000000070cb00000, 0x000000070cb00000|
| 184|0x000000070cc00000, 0x000000070cd00000, 0x000000070cd00000|100%| E|CS|TS  0|AC  0|TAMS 0x000000070cc00000, 0x000000070cc00000|
| 185|0x000000070cd00000, 0x000000070ce00000, 0x000000070ce00000|100%| E|CS|TS  0|AC  0|TAMS 0x000000070cd00000, 0x000000070cd00000|
| 186|0x000000070ce00000, 0x000000070cf00000, 0x000000070cf00000|100%| E|CS|TS  0|AC  0|TAMS 0x000000070ce00000, 0x000000070ce00000|
| 187|0x000000070cf00000, 0x000000070d000000, 0x000000070d000000|100%| E|CS|TS  0|AC  0|TAMS 0x000000070cf00000, 0x000000070cf00000|
| 188|0x000000070d000000, 0x000000070d100000, 0x000000070d100000|100%| E|CS|TS  0|AC  0|TAMS 0x000000070d000000, 0x000000070d000000|
| 189|0x000000070d100000, 0x000000070d200000, 0x000000070d200000|100%| E|CS|TS  0|AC  0|TAMS 0x000000070d100000, 0x000000070d100000|
| 190|0x000000070d200000, 0x000000070d300000, 0x000000070d300000|100%| E|CS|TS  0|AC  0|TAMS 0x000000070d200000, 0x000000070d200000|
| 191|0x000000070d300000, 0x000000070d400000, 0x000000070d400000|100%| E|CS|TS  0|AC  0|TAMS 0x000000070d300000, 0x000000070d300000|

Card table byte_map: [0x000001d6a7b70000,0x000001d6a8170000] byte_map_base: 0x000001d6a4366000

Marking Bits (Prev, Next): (CMBitMap*) 0x000001d690e867e0, (CMBitMap*) 0x000001d690e86818
 Prev Bits: [0x000001d6a8770000, 0x000001d6ab720000)
 Next Bits: [0x000001d6ab720000, 0x000001d6ae6d0000)

Polling page: 0x000001d68ec60000

CodeHeap 'non-profiled nmethods': size=120064Kb used=423Kb max_used=423Kb free=119640Kb
 bounds [0x000001d6a0030000, 0x000001d6a02a0000, 0x000001d6a7570000]
CodeHeap 'profiled nmethods': size=120000Kb used=1852Kb max_used=1852Kb free=118147Kb
 bounds [0x000001d698b00000, 0x000001d698d70000, 0x000001d6a0030000]
CodeHeap 'non-nmethods': size=5696Kb used=1207Kb max_used=1225Kb free=4489Kb
 bounds [0x000001d698570000, 0x000001d6987e0000, 0x000001d698b00000]
 total_blobs=1895 nmethods=1127 adapters=488
 compilation: enabled

Compilation events (10 events):
Event: 4.674 Thread 0x000001d6b1496000 1124       3       java.awt.Container$MouseEventTargetFilter::accept (66 bytes)
Event: 4.675 Thread 0x000001d6b1496000 nmethod 1124 0x000001d698ccb390 code [0x000001d698ccb540, 0x000001d698ccb898]
Event: 4.675 Thread 0x000001d6b1496000 1123   !   3       java.awt.EventQueue::postEventPrivate (104 bytes)
Event: 4.675 Thread 0x000001d6b1496000 nmethod 1123 0x000001d698ccb990 code [0x000001d698ccbbe0, 0x000001d698ccc430]
Event: 4.689 Thread 0x000001d6b1496000 1125   !   3       java.awt.EventQueue::setCurrentEventAndMostRecentTimeImpl (191 bytes)
Event: 4.689 Thread 0x000001d6b1496000 nmethod 1125 0x000001d698ccc710 code [0x000001d698ccc9e0, 0x000001d698cce030]
Event: 4.689 Thread 0x000001d6b1496000 1127       3       java.security.AccessControlContext::<init> (63 bytes)
Event: 4.690 Thread 0x000001d6b1496000 nmethod 1127 0x000001d698cce510 code [0x000001d698cce700, 0x000001d698ccebd0]
Event: 4.690 Thread 0x000001d6b1496000 1126       3       java.lang.Math::max (12 bytes)
Event: 4.690 Thread 0x000001d6b1496000 nmethod 1126 0x000001d698cced10 code [0x000001d698cceec0, 0x000001d698ccf058]

GC Heap History (0 events):
No events

Deoptimization events (3 events):
Event: 0.142 Thread 0x000001d690dc6800 Uncommon trap: reason=unstable_if action=reinterpret pc=0x000001d6a0033ddc method=java.lang.String.hashCode()I @ 14 c2
Event: 0.488 Thread 0x000001d690dc6800 Uncommon trap: reason=unstable_if action=reinterpret pc=0x000001d6a004ada0 method=java.lang.StringLatin1.replace([BCC)Ljava/lang/String; @ 19 c2
Event: 2.686 Thread 0x000001d6b1e49800 Uncommon trap: reason=class_check action=maybe_recompile pc=0x000001d6a00477f0 method=java.lang.String.equals(Ljava/lang/Object;)Z @ 8 c2

Classes redefined (0 events):
No events

Internal exceptions (10 events):
Event: 0.593 Thread 0x000001d690dc6800 Exception <a 'java/io/FileNotFoundException'{0x000000070cca8a90}> (0x000000070cca8a90) thrown at [t:/workspace/open/src/hotspot/share/prims/jni.cpp, line 611]
Event: 0.595 Thread 0x000001d690dc6800 Exception <a 'java/io/FileNotFoundException'{0x000000070ccb6e20}> (0x000000070ccb6e20) thrown at [t:/workspace/open/src/hotspot/share/prims/jni.cpp, line 611]
Event: 0.599 Thread 0x000001d690dc6800 Exception <a 'java/io/FileNotFoundException'{0x000000070ccc84f8}> (0x000000070ccc84f8) thrown at [t:/workspace/open/src/hotspot/share/prims/jni.cpp, line 611]
Event: 0.651 Thread 0x000001d690dc6800 Exception <a 'java/lang/NoSuchMethodError'{0x000000070cbdcf90}: java.lang.invoke.DirectMethodHandle$Holder.invokeStatic(Ljava/lang/Object;Ljava/lang/Object;Ljava/lang/Object;Ljava/lang/Object;Ljava/lang/Object;Ljava/lang/Object;Ljava/lang/Object;Ljava/lan
Event: 0.653 Thread 0x000001d690dc6800 Exception <a 'java/lang/NoSuchMethodError'{0x000000070cbfd580}: java.lang.invoke.DirectMethodHandle$Holder.invokeStatic(Ljava/lang/Object;Ljava/lang/Object;Ljava/lang/Object;Ljava/lang/Object;Ljava/lang/Object;Ljava/lang/Object;Ljava/lang/Object;Ljava/lan
Event: 0.655 Thread 0x000001d690dc6800 Exception <a 'java/lang/NoSuchMethodError'{0x000000070ca1f170}: java.lang.invoke.DirectMethodHandle$Holder.invokeStatic(Ljava/lang/Object;Ljava/lang/Object;Ljava/lang/Object;Ljava/lang/Object;Ljava/lang/Object;Ljava/lang/Object;Ljava/lang/Object;Ljava/lan
Event: 0.657 Thread 0x000001d690dc6800 Exception <a 'java/lang/NoSuchMethodError'{0x000000070ca422d8}: java.lang.invoke.DirectMethodHandle$Holder.invokeStatic(Ljava/lang/Object;Ljava/lang/Object;Ljava/lang/Object;Ljava/lang/Object;Ljava/lang/Object;Ljava/lang/Object;Ljava/lang/Object;Ljava/lan
Event: 0.718 Thread 0x000001d690dc6800 Exception <a 'java/lang/NoSuchMethodError'{0x000000070caad428}: java.lang.invoke.DirectMethodHandle$Holder.invokeStaticInit(Ljava/lang/Object;)V> (0x000000070caad428) thrown at [t:/workspace/open/src/hotspot/share/interpreter/linkResolver.cpp, line 741]
Event: 2.902 Thread 0x000001d6b1e49800 Exception <a 'java/io/FileNotFoundException'{0x000000070c80a4a8}> (0x000000070c80a4a8) thrown at [t:/workspace/open/src/hotspot/share/prims/jni.cpp, line 611]
Event: 2.905 Thread 0x000001d6b1e49800 Exception <a 'java/io/FileNotFoundException'{0x000000070c81be28}> (0x000000070c81be28) thrown at [t:/workspace/open/src/hotspot/share/prims/jni.cpp, line 611]

Events (10 events):
Event: 2.917 loading class gnu/io/RXTXPort$MonitorThread done
Event: 2.918 Thread 0x000001d6b2f90800 Thread added: 0x000001d6b2f90800
Event: 2.924 Executing VM operation: RevokeBias
Event: 2.924 Executing VM operation: RevokeBias done
Event: 4.882 Executing VM operation: RevokeBias
Event: 4.882 Executing VM operation: RevokeBias done
Event: 4.882 loading class gnu/io/SerialPortEvent
Event: 4.882 loading class gnu/io/SerialPortEvent done
Event: 4.883 Executing VM operation: RevokeBias
Event: 4.883 Executing VM operation: RevokeBias done


Dynamic libraries:
0x00007ff6015c0000 - 0x00007ff6015fe000 	C:\Program Files\Java\jre-10.0.2\bin\javaw.exe
0x00007ffb130f0000 - 0x00007ffb132d1000 	C:\WINDOWS\SYSTEM32\ntdll.dll
0x00007ffb10850000 - 0x00007ffb10902000 	C:\WINDOWS\System32\KERNEL32.DLL
0x00007ffb0fca0000 - 0x00007ffb0ff13000 	C:\WINDOWS\System32\KERNELBASE.dll
0x00007ffb11a30000 - 0x00007ffb11ad1000 	C:\WINDOWS\System32\ADVAPI32.dll
0x00007ffb109b0000 - 0x00007ffb10a4e000 	C:\WINDOWS\System32\msvcrt.dll
0x00007ffb10910000 - 0x00007ffb1096b000 	C:\WINDOWS\System32\sechost.dll
0x00007ffb10720000 - 0x00007ffb10844000 	C:\WINDOWS\System32\RPCRT4.dll
0x00007ffb11380000 - 0x00007ffb11510000 	C:\WINDOWS\System32\USER32.dll
0x00007ffb0fc80000 - 0x00007ffb0fca0000 	C:\WINDOWS\System32\win32u.dll
0x00007ffb11130000 - 0x00007ffb11158000 	C:\WINDOWS\System32\GDI32.dll
0x00007ffb10110000 - 0x00007ffb102a2000 	C:\WINDOWS\System32\gdi32full.dll
0x00007ffb102b0000 - 0x00007ffb1034f000 	C:\WINDOWS\System32\msvcp_win.dll
0x00007ffb10350000 - 0x00007ffb1044a000 	C:\WINDOWS\System32\ucrtbase.dll
0x00007ffb04360000 - 0x00007ffb045c9000 	C:\WINDOWS\WinSxS\amd64_microsoft.windows.common-controls_6595b64144ccf1df_6.0.17134.523_none_fb409dd930672a56\COMCTL32.dll
0x00007ffb10c10000 - 0x00007ffb10f32000 	C:\WINDOWS\System32\combase.dll
0x00007ffb10450000 - 0x00007ffb104ca000 	C:\WINDOWS\System32\bcryptPrimitives.dll
0x00007ffb09eb0000 - 0x00007ffb09eba000 	C:\WINDOWS\SYSTEM32\VERSION.dll
0x00007ffb10970000 - 0x00007ffb1099d000 	C:\WINDOWS\System32\IMM32.DLL
0x00007ffad27d0000 - 0x00007ffad28bf000 	C:\Program Files\Java\jre-10.0.2\bin\msvcr120.dll
0x00007ffad3a60000 - 0x00007ffad3b06000 	C:\Program Files\Java\jre-10.0.2\bin\msvcp120.dll
0x0000000062fd0000 - 0x0000000063a40000 	C:\Program Files\Java\jre-10.0.2\bin\server\jvm.dll
0x00007ffb109a0000 - 0x00007ffb109a8000 	C:\WINDOWS\System32\PSAPI.DLL
0x00007ffb078e0000 - 0x00007ffb078e9000 	C:\WINDOWS\SYSTEM32\WSOCK32.dll
0x00007ffb110c0000 - 0x00007ffb1112c000 	C:\WINDOWS\System32\WS2_32.dll
0x00007ffb065e0000 - 0x00007ffb06603000 	C:\WINDOWS\SYSTEM32\WINMM.dll
0x00007ffb065b0000 - 0x00007ffb065da000 	C:\WINDOWS\SYSTEM32\WINMMBASE.dll
0x00007ffb104d0000 - 0x00007ffb10519000 	C:\WINDOWS\System32\cfgmgr32.dll
0x00007ffb056e0000 - 0x00007ffb056ef000 	C:\Program Files\Java\jre-10.0.2\bin\verify.dll
0x00007ffb0dc70000 - 0x00007ffb0de39000 	C:\WINDOWS\SYSTEM32\DBGHELP.DLL
0x00007ffaf4c60000 - 0x00007ffaf4c89000 	C:\WINDOWS\SYSTEM32\dbgcore.DLL
0x00007ffaf3b60000 - 0x00007ffaf3b87000 	C:\Program Files\Java\jre-10.0.2\bin\java.dll
0x00007ffaf29b0000 - 0x00007ffaf29c6000 	C:\Program Files\Java\jre-10.0.2\bin\zip.dll
0x00007ffb055a0000 - 0x00007ffb055aa000 	C:\Program Files\Java\jre-10.0.2\bin\jimage.dll
0x00007ffb11c80000 - 0x00007ffb130c0000 	C:\WINDOWS\System32\SHELL32.dll
0x00007ffb11bd0000 - 0x00007ffb11c79000 	C:\WINDOWS\System32\shcore.dll
0x00007ffb0f4c0000 - 0x00007ffb0fbcd000 	C:\WINDOWS\System32\windows.storage.dll
0x00007ffb10bb0000 - 0x00007ffb10c01000 	C:\WINDOWS\System32\shlwapi.dll
0x00007ffb0f480000 - 0x00007ffb0f491000 	C:\WINDOWS\System32\kernel.appcore.dll
0x00007ffb0f4a0000 - 0x00007ffb0f4bf000 	C:\WINDOWS\System32\profapi.dll
0x00007ffb0f410000 - 0x00007ffb0f45c000 	C:\WINDOWS\System32\powrprof.dll
0x00007ffb0f400000 - 0x00007ffb0f40a000 	C:\WINDOWS\System32\FLTLIB.DLL
0x00007ffaf2990000 - 0x00007ffaf29aa000 	C:\Program Files\Java\jre-10.0.2\bin\net.dll
0x00007ffb0a9d0000 - 0x00007ffb0aaad000 	C:\WINDOWS\SYSTEM32\WINHTTP.dll
0x00007ffb0ec80000 - 0x00007ffb0ece6000 	C:\WINDOWS\system32\mswsock.dll
0x00007ffaf1940000 - 0x00007ffaf1951000 	C:\Program Files\Java\jre-10.0.2\bin\nio.dll
0x00007ffad2c90000 - 0x00007ffad2e2b000 	C:\Program Files\Java\jre-10.0.2\bin\awt.dll
0x00007ffb10650000 - 0x00007ffb10712000 	C:\WINDOWS\System32\OLEAUT32.dll
0x00007ffb0bef0000 - 0x00007ffb0c4b7000 	C:\WINDOWS\SYSTEM32\d2d1.dll
0x00007ffb0d460000 - 0x00007ffb0d4eb000 	C:\WINDOWS\SYSTEM32\apphelp.dll
0x00007ffb0d930000 - 0x00007ffb0d959000 	C:\WINDOWS\system32\DWMAPI.DLL
0x00007ffb0d590000 - 0x00007ffb0d628000 	C:\WINDOWS\system32\uxtheme.dll
0x00007ffb01490000 - 0x00007ffb015b0000 	C:\WINDOWS\system32\opengl32.dll
0x00007ffb016c0000 - 0x00007ffb016ec000 	C:\WINDOWS\SYSTEM32\GLU32.dll
0x00007ffb10f40000 - 0x00007ffb110b3000 	C:\WINDOWS\System32\MSCTF.dll
0x00007ffb10a50000 - 0x00007ffb10ba1000 	C:\WINDOWS\System32\ole32.dll
0x0000000180000000 - 0x0000000180025000 	C:\Program Files\Java\jre-10.0.2\bin\rxtxSerial.dll
0x00007ffadd240000 - 0x00007ffadd2a5000 	C:\Program Files\Java\jre-10.0.2\bin\fontmanager.dll
0x00007ffaeeac0000 - 0x00007ffaeeb02000 	C:\Program Files\Java\jre-10.0.2\bin\t2k.dll
0x00007ffaec7f0000 - 0x00007ffaec886000 	C:\WINDOWS\System32\TextInputFramework.dll
0x00007ffb03fd0000 - 0x00007ffb042ee000 	C:\WINDOWS\System32\CoreUIComponents.dll
0x00007ffb0cda0000 - 0x00007ffb0ce7a000 	C:\WINDOWS\System32\CoreMessaging.dll
0x00007ffb0e4f0000 - 0x00007ffb0e521000 	C:\WINDOWS\SYSTEM32\ntmarta.dll
0x00007ffb0b430000 - 0x00007ffb0b57d000 	C:\WINDOWS\SYSTEM32\wintypes.dll
0x00007ffb05350000 - 0x00007ffb053bb000 	C:\WINDOWS\system32\Oleacc.dll

dbghelp: loaded successfully - version: 4.0.5 - missing functions: none
symbol engine: initialized successfully - sym options: 0x614 - pdb path: .;C:\Program Files\Java\jre-10.0.2\bin;C:\WINDOWS\SYSTEM32;C:\WINDOWS\WinSxS\amd64_microsoft.windows.common-controls_6595b64144ccf1df_6.0.17134.523_none_fb409dd930672a56;C:\Program Files\Java\jre-10.0.2\bin\server

VM Arguments:
jvm_args: -Dfile.encoding=Cp1252 
java_command: MainWindow
java_class_path (initial): C:\Program Files\Java\jre-10.0.2\lib\jrt-fs.jar;C:\Users\andre\OneDrive\Documents\Programming\IdeaHacks2019\ArduinoImageCapture-master\bin;C:\Users\andre\OneDrive\Documents\Programming\IdeaHacks2019\ArduinoImageCapture-master\lib\rxtx-2.2pre2-bins\RXTXcomm.jar
Launcher Type: SUN_STANDARD

Logging:
Log output configuration:
#0: stdout all=warning uptime,level,tags
#1: stderr all=off uptime,level,tags

Environment Variables:
PATH=C:\WINDOWS;C:\WINDOWS;C:\WINDOWS;C:\WINDOWS;C:\WINDOWS;C:\WINDOWS;C:\WINDOWS;C:\WINDOWS;C:\WINDOWS;C:\WINDOWS;C:\WINDOWS;C:\WINDOWS;C:\WINDOWS;C:\WINDOWS;C:\WINDOWS;C:\WINDOWS;C:\WINDOWS;C:\WINDOWS;C:\WINDOWS;C:\WINDOWS;C:\WINDOWS;C:\WINDOWS;C:\WINDOWS;C:\WINDOWS;C:\WINDOWS;C:\WINDOWS;C:\WINDOWS;C:\WINDOWS;C:\Program Files (x86)\NVIDIA Corporation\PhysX\Common;C:\Program Files (x86)\Common Files\Oracle\Java\javapath;C:\ProgramData\Oracle\Java\javapath;C:\Program Files (x86)\Intel\iCLS Client\;C:\Program Files\Intel\iCLS Client\;C:\windows\system32;C:\windows;C:\windows\System32\Wbem;C:\windows\System32\WindowsPowerShell\v1.0\;C:\Program Files (x86)\Intel\Intel(R) Management Engine Components\DAL;C:\Program Files\Intel\Intel(R) Management Engine Components\DAL;C:\Program Files (x86)\Intel\Intel(R) Management Engine Components\IPT;C:\Program Files\Intel\Intel(R) Management Engine Components\IPT;C:\WINDOWS\system32;C:\WINDOWS;C:\WINDOWS\System32\Wbem;C:\WINDOWS\System32\WindowsPowerShell\v1.0\;C:\Program Files\nodejs\;C:\Program Files\PuTTY\;C:\Program Files\Microsoft SQL Server\Client SDK\ODBC\110\Tools\Binn\;C:\Program Files (x86)\Microsoft SQL Server\120\Tools\Binn\;C:\Program Files\Microsoft SQL Server\120\Tools\Binn\;C:\Program Files\Microsoft SQL Server\120\DTS\Binn\;C:\Program Files (x86)\Windows Kits\8.1\Windows Performance Toolkit\;C:\Program Files\Intel\WiFi\bin\;C:\Program Files\Common Files\Intel\WirelessCommon\;C:\WINDOWS\System32\OpenSSH\;C:\Program Files\TortoiseSVN\bin;C:\Program Files\Microsoft VS Code\bin;C:\Program Files\Git\cmd;C:\Program Files\MATLAB\R2018b\bin;C:\Users\andre\AppData\Local\Programs\Python\Python36-32\Scripts\;C:\Users\andre\AppData\Local\Programs\Python\Python36-32\;C:\Users\andre\AppData\Local\Microsoft\WindowsApps;C:\Users\andre\AppData\Local\GitHubDesktop\bin;C:\Users\andre\AppData\Roaming\npm;C:\Python27\;C:\Python34\;C:\Users\andre\AppData\Local\atom\bin;%USERPROFILE%\AppData\Local\Microsoft\WindowsApps;
USERNAME=andre
OS=Windows_NT
PROCESSOR_IDENTIFIER=Intel64 Family 6 Model 78 Stepping 3, GenuineIntel



---------------  S Y S T E M  ---------------

OS: Windows 10 , 64 bit Build 17134 (10.0.17134.1)

CPU:total 4 (initial active 4) (2 cores per cpu, 2 threads per core) family 6 model 78 stepping 3, cmov, cx8, fxsr, mmx, sse, sse2, sse3, ssse3, sse4.1, sse4.2, popcnt, avx, avx2, aes, clmul, erms, 3dnowpref, lzcnt, ht, tsc, tscinvbit, bmi1, bmi2, adx, fma

Memory: 4k page, physical 12498508k(4511084k free), swap 21411404k(8809716k free)

vm_info: Java HotSpot(TM) 64-Bit Server VM (10.0.2+13) for windows-amd64 JRE (10.0.2+13), built on Jun 28 2018 01:57:56 by "mach5one" with MS VC++ 12.0 (VS2013)

END.
